<?xml version="1.0" encoding="utf-8"?><testsuites name="pytest tests"><testsuite name="pytest" errors="0" failures="0" skipped="0" tests="50" time="1814.924" timestamp="2026-04-14T18:18:01.655022+08:00" hostname="MacBook-Pro.local"><testcase classname="tests.test_api_smoke" name="test_api_smoke_50_cases[rag_s_0]" time="173.378" /><testcase classname="tests.test_api_smoke" name="test_api_smoke_50_cases[rag_s_1]" time="29.835" /><testcase classname="tests.test_api_smoke" name="test_api_smoke_50_cases[rag_s_2]" time="24.966" /><testcase classname="tests.test_api_smoke" name="test_api_smoke_50_cases[rag_s_3]" time="30.526" /><testcase classname="tests.test_api_smoke" name="test_api_smoke_50_cases[rag_s_4]" time="34.417" /><testcase classname="tests.test_api_smoke" name="test_api_smoke_50_cases[rag_s_5]" time="35.707" /><testcase classname="tests.test_api_smoke" name="test_api_smoke_50_cases[rag_s_6]" time="38.399" /><testcase classname="tests.test_api_smoke" name="test_api_smoke_50_cases[rag_s_7]" time="28.673" /><testcase classname="tests.test_api_smoke" name="test_api_smoke_50_cases[rag_s_8]" time="26.046" /><testcase classname="tests.test_api_smoke" name="test_api_smoke_50_cases[rag_s_9]" time="34.819" /><testcase classname="tests.test_api_smoke" name="test_api_smoke_50_cases[rag_s_10]" time="24.699" /><testcase classname="tests.test_api_smoke" name="test_api_smoke_50_cases[rag_s_11]" time="32.113" /><testcase classname="tests.test_api_smoke" name="test_api_smoke_50_cases[rag_s_12]" time="24.803" /><testcase classname="tests.test_api_smoke" name="test_api_smoke_50_cases[rag_s_13]" time="29.784" /><testcase classname="tests.test_api_smoke" name="test_api_smoke_50_cases[rag_s_14]" time="25.331" /><testcase classname="tests.test_api_smoke" name="test_api_smoke_50_cases[rag_s_15]" time="26.170" /><testcase classname="tests.test_api_smoke" name="test_api_smoke_50_cases[rag_s_16]" time="29.251" /><testcase classname="tests.test_api_smoke" name="test_api_smoke_50_cases[rag_s_17]" time="29.795" /><testcase classname="tests.test_api_smoke" name="test_api_smoke_50_cases[rag_s_18]" time="25.762" /><testcase classname="tests.test_api_smoke" name="test_api_smoke_50_cases[rag_s_19]" time="27.433" /><testcase classname="tests.test_api_smoke" name="test_api_smoke_50_cases[rag_s_20]" time="34.302" /><testcase classname="tests.test_api_smoke" name="test_api_smoke_50_cases[rag_s_21]" time="24.869" /><testcase classname="tests.test_api_smoke" name="test_api_smoke_50_cases[rag_s_22]" time="34.734" /><testcase classname="tests.test_api_smoke" name="test_api_smoke_50_cases[rag_s_23]" time="34.347" /><testcase classname="tests.test_api_smoke" name="test_api_smoke_50_cases[rag_s_24]" time="0.742" /><testcase classname="tests.test_api_smoke" name="test_api_smoke_50_cases[agent_s_0]" time="34.960" /><testcase classname="tests.test_api_smoke" name="test_api_smoke_50_cases[agent_s_1]" time="36.762" /><testcase classname="tests.test_api_smoke" name="test_api_smoke_50_cases[agent_s_2]" time="51.700" /><testcase classname="tests.test_api_smoke" name="test_api_smoke_50_cases[agent_s_3]" time="43.571" /><testcase classname="tests.test_api_smoke" name="test_api_smoke_50_cases[agent_s_4]" time="37.210" /><testcase classname="tests.test_api_smoke" name="test_api_smoke_50_cases[agent_s_5]" time="31.057" /><testcase classname="tests.test_api_smoke" name="test_api_smoke_50_cases[agent_s_6]" time="32.880" /><testcase classname="tests.test_api_smoke" name="test_api_smoke_50_cases[agent_s_7]" time="32.680" /><testcase classname="tests.test_api_smoke" name="test_api_smoke_50_cases[agent_s_8]" time="32.417" /><testcase classname="tests.test_api_smoke" name="test_api_smoke_50_cases[agent_s_9]" time="50.827" /><testcase classname="tests.test_api_smoke" name="test_api_smoke_50_cases[agent_s_10]" time="47.898" /><testcase classname="tests.test_api_smoke" name="test_api_smoke_50_cases[agent_s_11]" time="35.225" /><testcase classname="tests.test_api_smoke" name="test_api_smoke_50_cases[agent_s_12]" time="48.071" /><testcase classname="tests.test_api_smoke" name="test_api_smoke_50_cases[agent_s_13]" time="39.181" /><testcase classname="tests.test_api_smoke" name="test_api_smoke_50_cases[agent_s_14]" time="44.958" /><testcase classname="tests.test_api_smoke" name="test_api_smoke_50_cases[agent_s_15]" time="33.131" /><testcase classname="tests.test_api_smoke" name="test_api_smoke_50_cases[agent_s_16]" time="33.173" /><testcase classname="tests.test_api_smoke" name="test_api_smoke_50_cases[agent_s_17]" time="49.280" /><testcase classname="tests.test_api_smoke" name="test_api_smoke_50_cases[agent_s_18]" time="46.017" /><testcase classname="tests.test_api_smoke" name="test_api_smoke_50_cases[agent_s_19]" time="35.801" /><testcase classname="tests.test_api_smoke" name="test_api_smoke_50_cases[agent_s_20]" time="34.906" /><testcase classname="tests.test_api_smoke" name="test_api_smoke_50_cases[agent_s_21]" time="32.958" /><testcase classname="tests.test_api_smoke" name="test_api_smoke_50_cases[agent_s_22]" time="37.789" /><testcase classname="tests.test_api_smoke" name="test_api_smoke_50_cases[agent_s_23]" time="51.243" /><testcase classname="tests.test_api_smoke" name="test_api_smoke_50_cases[agent_s_24]" time="0.191" /></testsuite></testsuites>